<?xml version="1.0" encoding="UTF-8"?>
<!-- Generated by org.testng.reporters.JUnitReportReporter -->
<testsuite hostname="DESKTOP-E549CCC" failures="0" tests="3" name="NewPack.NewAnnotation" time="0.536" errors="1" timestamp="2022-10-06T17:37:49 IST" skipped="2">
  <testcase classname="NewPack.NewAnnotation" name="TC01" time="0.000">
    <skipped/>
  </testcase> <!-- TC01 -->
  <system-out/>
  <testcase classname="NewPack.NewAnnotation" name="launchbrowser" time="0.536">
    <error message="unknown error: failed to write prefs file
Build info: version: &#039;3.141.59&#039;, revision: &#039;e82be7d358&#039;, time: &#039;2018-11-14T08:17:03&#039;
System info: host: &#039;DESKTOP-E549CCC&#039;, ip: &#039;192.168.43.191&#039;, os.name: &#039;Windows 10&#039;, os.arch: &#039;amd64&#039;, os.version: &#039;10.0&#039;, java.version: &#039;18.0.1.1&#039;
Driver info: driver.version: ChromeDriver
remote stacktrace: Backtrace:
	Ordinal0 [0x006ADF13+2219795]
	Ordinal0 [0x00642841+1779777]
	Ordinal0 [0x0055423D+803389]
	Ordinal0 [0x00575298+938648]
	Ordinal0 [0x0057541A+939034]
	Ordinal0 [0x00572A83+928387]
	Ordinal0 [0x0056F179+913785]
	Ordinal0 [0x005A36B9+1128121]
	Ordinal0 [0x005A331A+1127194]
	Ordinal0 [0x0059E616+1107478]
	Ordinal0 [0x00577F89+950153]
	Ordinal0 [0x00578F56+954198]
	GetHandleVerifier [0x009A2CB2+3040210]
	GetHandleVerifier [0x00992BB4+2974420]
	GetHandleVerifier [0x00746A0A+565546]
	GetHandleVerifier [0x00745680+560544]
	Ordinal0 [0x00649A5C+1808988]
	Ordinal0 [0x0064E3A8+1827752]
	Ordinal0 [0x0064E495+1827989]
	Ordinal0 [0x006580A4+1867940]
	BaseThreadInitThunk [0x7628FA29+25]
	RtlGetAppContainerNamedObjectPath [0x77157B5E+286]
	RtlGetAppContainerNamedObjectPath [0x77157B2E+238]
" type="org.openqa.selenium.WebDriverException">
      <![CDATA[org.openqa.selenium.WebDriverException: unknown error: failed to write prefs file
Build info: version: '3.141.59', revision: 'e82be7d358', time: '2018-11-14T08:17:03'
System info: host: 'DESKTOP-E549CCC', ip: '192.168.43.191', os.name: 'Windows 10', os.arch: 'amd64', os.version: '10.0', java.version: '18.0.1.1'
Driver info: driver.version: ChromeDriver
remote stacktrace: Backtrace:
Ordinal0 [0x006ADF13+2219795]
Ordinal0 [0x00642841+1779777]
Ordinal0 [0x0055423D+803389]
Ordinal0 [0x00575298+938648]
Ordinal0 [0x0057541A+939034]
Ordinal0 [0x00572A83+928387]
Ordinal0 [0x0056F179+913785]
Ordinal0 [0x005A36B9+1128121]
Ordinal0 [0x005A331A+1127194]
Ordinal0 [0x0059E616+1107478]
Ordinal0 [0x00577F89+950153]
Ordinal0 [0x00578F56+954198]
GetHandleVerifier [0x009A2CB2+3040210]
GetHandleVerifier [0x00992BB4+2974420]
GetHandleVerifier [0x00746A0A+565546]
GetHandleVerifier [0x00745680+560544]
Ordinal0 [0x00649A5C+1808988]
Ordinal0 [0x0064E3A8+1827752]
Ordinal0 [0x0064E495+1827989]
Ordinal0 [0x006580A4+1867940]
BaseThreadInitThunk [0x7628FA29+25]
RtlGetAppContainerNamedObjectPath [0x77157B5E+286]
RtlGetAppContainerNamedObjectPath [0x77157B2E+238]

at java.base/jdk.internal.reflect.DirectConstructorHandleAccessor.newInstance(DirectConstructorHandleAccessor.java:67)
at java.base/java.lang.reflect.Constructor.newInstanceWithCaller(Constructor.java:499)
at java.base/java.lang.reflect.Constructor.newInstance(Constructor.java:483)
at org.openqa.selenium.remote.W3CHandshakeResponse.lambda$errorHandler$0(W3CHandshakeResponse.java:62)
at org.openqa.selenium.remote.HandshakeResponse.lambda$getResponseFunction$0(HandshakeResponse.java:30)
at org.openqa.selenium.remote.ProtocolHandshake.lambda$createSession$0(ProtocolHandshake.java:126)
at java.base/java.util.stream.ReferencePipeline$3$1.accept(ReferencePipeline.java:197)
at java.base/java.util.Spliterators$ArraySpliterator.tryAdvance(Spliterators.java:1002)
at java.base/java.util.stream.ReferencePipeline.forEachWithCancel(ReferencePipeline.java:129)
at java.base/java.util.stream.AbstractPipeline.copyIntoWithCancel(AbstractPipeline.java:527)
at java.base/java.util.stream.AbstractPipeline.copyInto(AbstractPipeline.java:513)
at java.base/java.util.stream.AbstractPipeline.wrapAndCopyInto(AbstractPipeline.java:499)
at java.base/java.util.stream.FindOps$FindOp.evaluateSequential(FindOps.java:150)
at java.base/java.util.stream.AbstractPipeline.evaluate(AbstractPipeline.java:234)
at java.base/java.util.stream.ReferencePipeline.findFirst(ReferencePipeline.java:647)
at org.openqa.selenium.remote.ProtocolHandshake.createSession(ProtocolHandshake.java:128)
at org.openqa.selenium.remote.ProtocolHandshake.createSession(ProtocolHandshake.java:74)
at org.openqa.selenium.remote.HttpCommandExecutor.execute(HttpCommandExecutor.java:136)
at org.openqa.selenium.remote.service.DriverCommandExecutor.execute(DriverCommandExecutor.java:83)
at org.openqa.selenium.remote.RemoteWebDriver.execute(RemoteWebDriver.java:552)
at org.openqa.selenium.remote.RemoteWebDriver.startSession(RemoteWebDriver.java:213)
at org.openqa.selenium.remote.RemoteWebDriver.<init>(RemoteWebDriver.java:131)
at org.openqa.selenium.chrome.ChromeDriver.<init>(ChromeDriver.java:181)
at org.openqa.selenium.chrome.ChromeDriver.<init>(ChromeDriver.java:168)
at org.openqa.selenium.chrome.ChromeDriver.<init>(ChromeDriver.java:123)
at NewPack.NewAnnotation.launchbrowser(NewAnnotation.java:26)
at java.base/jdk.internal.reflect.DirectMethodHandleAccessor.invoke(DirectMethodHandleAccessor.java:104)
at java.base/java.lang.reflect.Method.invoke(Method.java:577)
at org.testng.internal.MethodInvocationHelper.invokeMethod(MethodInvocationHelper.java:133)
at org.testng.internal.MethodInvocationHelper.invokeMethodConsideringTimeout(MethodInvocationHelper.java:62)
at org.testng.internal.ConfigInvoker.invokeConfigurationMethod(ConfigInvoker.java:385)
at org.testng.internal.ConfigInvoker.invokeConfigurations(ConfigInvoker.java:321)
at org.testng.internal.TestMethodWorker.invokeBeforeClassMethods(TestMethodWorker.java:176)
at org.testng.internal.TestMethodWorker.run(TestMethodWorker.java:122)
at java.base/java.util.ArrayList.forEach(ArrayList.java:1511)
at org.testng.TestRunner.privateRun(TestRunner.java:794)
at org.testng.TestRunner.run(TestRunner.java:596)
at org.testng.SuiteRunner.runTest(SuiteRunner.java:377)
at org.testng.SuiteRunner.runSequentially(SuiteRunner.java:371)
at org.testng.SuiteRunner.privateRun(SuiteRunner.java:332)
at org.testng.SuiteRunner.run(SuiteRunner.java:276)
at org.testng.SuiteRunnerWorker.runSuite(SuiteRunnerWorker.java:53)
at org.testng.SuiteRunnerWorker.run(SuiteRunnerWorker.java:96)
at org.testng.TestNG.runSuitesSequentially(TestNG.java:1212)
at org.testng.TestNG.runSuitesLocally(TestNG.java:1134)
at org.testng.TestNG.runSuites(TestNG.java:1063)
at org.testng.TestNG.run(TestNG.java:1031)
at org.testng.remote.AbstractRemoteTestNG.run(AbstractRemoteTestNG.java:115)
at org.testng.remote.RemoteTestNG.initAndRun(RemoteTestNG.java:251)
at org.testng.remote.RemoteTestNG.main(RemoteTestNG.java:77)
]]>
    </error>
  </testcase> <!-- launchbrowser -->
  <system-out/>
  <testcase classname="NewPack.NewAnnotation" name="TC02" time="0.000">
    <skipped/>
  </testcase> <!-- TC02 -->
  <system-out/>
</testsuite> <!-- NewPack.NewAnnotation -->
